<?xml version="1.0" encoding="UTF-8"?>
<testng-results skipped="0" failed="0" ignored="0" total="1" passed="1">
  <reporter-output>
  </reporter-output>
  <suite name="Default suite" duration-ms="34125" started-at="2019-02-15T07:28:55Z" finished-at="2019-02-15T07:29:30Z">
    <groups>
    </groups>
    <test name="Default test" duration-ms="34125" started-at="2019-02-15T07:28:55Z" finished-at="2019-02-15T07:29:30Z">
      <class name="com.selenium.Demo2">
        <test-method status="PASS" signature="setBaseURL()[pri:0, instance:com.selenium.Demo2@51efea79]" name="setBaseURL" is-config="true" duration-ms="31298" started-at="2019-02-15T07:28:56Z" finished-at="2019-02-15T07:29:27Z">
          <reporter-output>
          </reporter-output>
        </test-method> <!-- setBaseURL -->
        <test-method status="PASS" signature="verifyHomePageTitle()[pri:0, instance:com.selenium.Demo2@51efea79]" name="verifyHomePageTitle" duration-ms="30" started-at="2019-02-15T07:29:27Z" finished-at="2019-02-15T07:29:27Z">
          <reporter-output>
          </reporter-output>
        </test-method> <!-- verifyHomePageTitle -->
        <test-method status="PASS" signature="endSession()[pri:0, instance:com.selenium.Demo2@51efea79]" name="endSession" is-config="true" duration-ms="2762" started-at="2019-02-15T07:29:27Z" finished-at="2019-02-15T07:29:30Z">
          <reporter-output>
          </reporter-output>
        </test-method> <!-- endSession -->
      </class> <!-- com.selenium.Demo2 -->
    </test> <!-- Default test -->
  </suite> <!-- Default suite -->
</testng-results>
